Importer Log Report
Project : team throttle control.PrjPcb

Section : Analyze Document - C:\Users\david\Documents\GitHub\FormulaE\PCB\team throttle control.brd
    Analyzing data of C:\Users\david\Documents\GitHub\FormulaE\PCB\team throttle control.brd
    Load settings
    Load layers 131
    Load board
    Load Library "special"
    Load Packages 1
    Load Library "adafruit"
    Load Packages 3
    Load Library "maxim"
    Load Packages 1
    Load Library "rcl"
    Load Packages 1
    Load Library "F-E library custom components"
    Load Packages 3
    Load Library "teensy"
    Load Packages 1
    ERROR: Unhandled typemfgpreviewcolors
EndSection

Section : Analyze Document - C:\Users\david\Documents\GitHub\FormulaE\PCB\team throttle control.sch
    Analyzing data of C:\Users\david\Documents\GitHub\FormulaE\PCB\team throttle control.sch
    Load settings
    Load layers 131
    Load schematic
    Load Libraries 6
    Load Library "teensy"
    Load Packages 1
    Load Symbols 1
    Load DeviceSets 1
    Load Library "F-E library custom components"
    Load Packages 3
    Load Symbols 3
    Load DeviceSets 3
    Load Library "maxim"
    Load Packages 1
    Load Symbols 1
    Load DeviceSets 1
    Load Library "adafruit"
    Load Packages 6
    Load Symbols 2
    Load DeviceSets 2
    Load Library "special"
    Load Packages 1
    Load Symbols 1
    Load DeviceSets 1
    Load Library "rcl"
    Load Packages 85
    Load Symbols 1
    Load DeviceSets 1
    Load Attributes 0
    Load Classes 1
    Load Parts 15
    Load Sheets 1
EndSection
